<?xml version="1.0" encoding="UTF-8"?>
<testsuite xmlns:xsi="http://www.w3.org/2001/XMLSchema-instance" xsi:noNamespaceSchemaLocation="https://maven.apache.org/surefire/maven-surefire-plugin/xsd/surefire-test-report.xsd" version="3.0.1" name="Runner.TestRunner" time="0.834" tests="8" errors="8" skipped="0" failures="0">
  <properties>
[...]
</properties>
  <testcase name="Login with valid credentials" classname="User Login" time="0.092">
    <error message="The step &apos;User open the application URL navigate to login Page&apos; and 4 other step(s) are undefined.&#10;You can implement these steps using the snippet(s) below:&#10;&#10;@Given(&quot;User open the application URL navigate to login Page&quot;)&#10;public void user_open_the_application_url_navigate_to_login_page() {&#10;    // Write code here that turns the phrase above into concrete actions&#10;    throw new io.cucumber.java.PendingException();&#10;}&#10;@When(&quot;user enters valid Email Address {string}&quot;)&#10;public void user_enters_valid_email_address(String string) {&#10;    // Write code here that turns the phrase above into concrete actions&#10;    throw new io.cucumber.java.PendingException();&#10;}&#10;@When(&quot;user enter the valid password {string}&quot;)&#10;public void user_enter_the_valid_password(String string) {&#10;    // Write code here that turns the phrase above into concrete actions&#10;    throw new io.cucumber.java.PendingException();&#10;}&#10;@When(&quot;click on login button&quot;)&#10;public void click_on_login_button() {&#10;    // Write code here that turns the phrase above into concrete actions&#10;    throw new io.cucumber.java.PendingException();&#10;}&#10;@Then(&quot;user is successfully login&quot;)&#10;public void user_is_successfully_login() {&#10;    // Write code here that turns the phrase above into concrete actions&#10;    throw new io.cucumber.java.PendingException();&#10;}&#10;" type="io.cucumber.junit.UndefinedStepException"><![CDATA[io.cucumber.junit.UndefinedStepException: 
The step 'User open the application URL navigate to login Page' and 4 other step(s) are undefined.
You can implement these steps using the snippet(s) below:

@Given("User open the application URL navigate to login Page")
public void user_open_the_application_url_navigate_to_login_page() {
    // Write code here that turns the phrase above into concrete actions
    throw new io.cucumber.java.PendingException();
}
@When("user enters valid Email Address {string}")
public void user_enters_valid_email_address(String string) {
    // Write code here that turns the phrase above into concrete actions
    throw new io.cucumber.java.PendingException();
}
@When("user enter the valid password {string}")
public void user_enter_the_valid_password(String string) {
    // Write code here that turns the phrase above into concrete actions
    throw new io.cucumber.java.PendingException();
}
@When("click on login button")
public void click_on_login_button() {
    // Write code here that turns the phrase above into concrete actions
    throw new io.cucumber.java.PendingException();
}
@Then("user is successfully login")
public void user_is_successfully_login() {
    // Write code here that turns the phrase above into concrete actions
    throw new io.cucumber.java.PendingException();
}

]]></error>
    <system-out><![CDATA[
@All @Sanity
Scenario: Login with valid credentials                       &amp#27;[90m# src/test/java/features/First.feature:5&amp#27;[0m
  &amp#27;[33mGiven &amp#27;[0m&amp#27;[33mUser open the application URL navigate to login Page&amp#27;[0m
  &amp#27;[36mWhen &amp#27;[0m&amp#27;[36muser enters valid Email Address "om999@gmail.com"&amp#27;[0m
  &amp#27;[36mAnd &amp#27;[0m&amp#27;[36muser enter the valid password "test@123"&amp#27;[0m
  &amp#27;[36mAnd &amp#27;[0m&amp#27;[36mclick on login button&amp#27;[0m
  &amp#27;[36mThen &amp#27;[0m&amp#27;[36muser is successfully login&amp#27;[0m
]]></system-out>
  </testcase>
  <testcase name="Login with invalid credentials" classname="User Login" time="0.004">
    <error message="The step &apos;User open the application URL navigate to login Page&apos; and 4 other step(s) are undefined.&#10;You can implement these steps using the snippet(s) below:&#10;&#10;@Given(&quot;User open the application URL navigate to login Page&quot;)&#10;public void user_open_the_application_url_navigate_to_login_page() {&#10;    // Write code here that turns the phrase above into concrete actions&#10;    throw new io.cucumber.java.PendingException();&#10;}&#10;@When(&quot;user enters invalid Email Address {string}&quot;)&#10;public void user_enters_invalid_email_address(String string) {&#10;    // Write code here that turns the phrase above into concrete actions&#10;    throw new io.cucumber.java.PendingException();&#10;}&#10;@When(&quot;user enter the invalid password {string}&quot;)&#10;public void user_enter_the_invalid_password(String string) {&#10;    // Write code here that turns the phrase above into concrete actions&#10;    throw new io.cucumber.java.PendingException();&#10;}&#10;@When(&quot;click on login button&quot;)&#10;public void click_on_login_button() {&#10;    // Write code here that turns the phrase above into concrete actions&#10;    throw new io.cucumber.java.PendingException();&#10;}&#10;@Then(&quot;user should get proper warning message&quot;)&#10;public void user_should_get_proper_warning_message() {&#10;    // Write code here that turns the phrase above into concrete actions&#10;    throw new io.cucumber.java.PendingException();&#10;}&#10;" type="io.cucumber.junit.UndefinedStepException"><![CDATA[io.cucumber.junit.UndefinedStepException: 
The step 'User open the application URL navigate to login Page' and 4 other step(s) are undefined.
You can implement these steps using the snippet(s) below:

@Given("User open the application URL navigate to login Page")
public void user_open_the_application_url_navigate_to_login_page() {
    // Write code here that turns the phrase above into concrete actions
    throw new io.cucumber.java.PendingException();
}
@When("user enters invalid Email Address {string}")
public void user_enters_invalid_email_address(String string) {
    // Write code here that turns the phrase above into concrete actions
    throw new io.cucumber.java.PendingException();
}
@When("user enter the invalid password {string}")
public void user_enter_the_invalid_password(String string) {
    // Write code here that turns the phrase above into concrete actions
    throw new io.cucumber.java.PendingException();
}
@When("click on login button")
public void click_on_login_button() {
    // Write code here that turns the phrase above into concrete actions
    throw new io.cucumber.java.PendingException();
}
@Then("user should get proper warning message")
public void user_should_get_proper_warning_message() {
    // Write code here that turns the phrase above into concrete actions
    throw new io.cucumber.java.PendingException();
}

]]></error>
    <system-out><![CDATA[
@All
Scenario: Login with invalid credentials                     &amp#27;[90m# src/test/java/features/First.feature:13&amp#27;[0m
  &amp#27;[33mGiven &amp#27;[0m&amp#27;[33mUser open the application URL navigate to login Page&amp#27;[0m
  &amp#27;[36mWhen &amp#27;[0m&amp#27;[36muser enters invalid Email Address "om989@gmail.com"&amp#27;[0m
  &amp#27;[36mAnd &amp#27;[0m&amp#27;[36muser enter the invalid password "test@128"&amp#27;[0m
  &amp#27;[36mAnd &amp#27;[0m&amp#27;[36mclick on login button&amp#27;[0m
  &amp#27;[36mThen &amp#27;[0m&amp#27;[36muser should get proper warning message&amp#27;[0m
]]></system-out>
  </testcase>
  <testcase name="Login with invalid email address" classname="User Login" time="0.011">
    <error message="The step &apos;User open the application URL navigate to login Page&apos; and 4 other step(s) are undefined.&#10;You can implement these steps using the snippet(s) below:&#10;&#10;@Given(&quot;User open the application URL navigate to login Page&quot;)&#10;public void user_open_the_application_url_navigate_to_login_page() {&#10;    // Write code here that turns the phrase above into concrete actions&#10;    throw new io.cucumber.java.PendingException();&#10;}&#10;@When(&quot;user enters invalid Email Address {string}&quot;)&#10;public void user_enters_invalid_email_address(String string) {&#10;    // Write code here that turns the phrase above into concrete actions&#10;    throw new io.cucumber.java.PendingException();&#10;}&#10;@When(&quot;user enter the valid password {string}&quot;)&#10;public void user_enter_the_valid_password(String string) {&#10;    // Write code here that turns the phrase above into concrete actions&#10;    throw new io.cucumber.java.PendingException();&#10;}&#10;@When(&quot;click on login button&quot;)&#10;public void click_on_login_button() {&#10;    // Write code here that turns the phrase above into concrete actions&#10;    throw new io.cucumber.java.PendingException();&#10;}&#10;@Then(&quot;user should get proper warning message&quot;)&#10;public void user_should_get_proper_warning_message() {&#10;    // Write code here that turns the phrase above into concrete actions&#10;    throw new io.cucumber.java.PendingException();&#10;}&#10;" type="io.cucumber.junit.UndefinedStepException"><![CDATA[io.cucumber.junit.UndefinedStepException: 
The step 'User open the application URL navigate to login Page' and 4 other step(s) are undefined.
You can implement these steps using the snippet(s) below:

@Given("User open the application URL navigate to login Page")
public void user_open_the_application_url_navigate_to_login_page() {
    // Write code here that turns the phrase above into concrete actions
    throw new io.cucumber.java.PendingException();
}
@When("user enters invalid Email Address {string}")
public void user_enters_invalid_email_address(String string) {
    // Write code here that turns the phrase above into concrete actions
    throw new io.cucumber.java.PendingException();
}
@When("user enter the valid password {string}")
public void user_enter_the_valid_password(String string) {
    // Write code here that turns the phrase above into concrete actions
    throw new io.cucumber.java.PendingException();
}
@When("click on login button")
public void click_on_login_button() {
    // Write code here that turns the phrase above into concrete actions
    throw new io.cucumber.java.PendingException();
}
@Then("user should get proper warning message")
public void user_should_get_proper_warning_message() {
    // Write code here that turns the phrase above into concrete actions
    throw new io.cucumber.java.PendingException();
}

]]></error>
    <system-out><![CDATA[
@All @Sanity
Scenario: Login with invalid email address                   &amp#27;[90m# src/test/java/features/First.feature:21&amp#27;[0m
  &amp#27;[33mGiven &amp#27;[0m&amp#27;[33mUser open the application URL navigate to login Page&amp#27;[0m
  &amp#27;[36mWhen &amp#27;[0m&amp#27;[36muser enters invalid Email Address "om959@gmail.com"&amp#27;[0m
  &amp#27;[36mAnd &amp#27;[0m&amp#27;[36muser enter the valid password "test@123"&amp#27;[0m
  &amp#27;[36mAnd &amp#27;[0m&amp#27;[36mclick on login button&amp#27;[0m
  &amp#27;[36mThen &amp#27;[0m&amp#27;[36muser should get proper warning message&amp#27;[0m
]]></system-out>
  </testcase>
  <testcase name="Login with invalid password address" classname="User Login" time="0.008">
    <error message="The step &apos;User open the application URL navigate to login Page&apos; and 4 other step(s) are undefined.&#10;You can implement these steps using the snippet(s) below:&#10;&#10;@Given(&quot;User open the application URL navigate to login Page&quot;)&#10;public void user_open_the_application_url_navigate_to_login_page() {&#10;    // Write code here that turns the phrase above into concrete actions&#10;    throw new io.cucumber.java.PendingException();&#10;}&#10;@When(&quot;user enters invalid Email Address {string}&quot;)&#10;public void user_enters_invalid_email_address(String string) {&#10;    // Write code here that turns the phrase above into concrete actions&#10;    throw new io.cucumber.java.PendingException();&#10;}&#10;@When(&quot;user enter the invalid password {string}&quot;)&#10;public void user_enter_the_invalid_password(String string) {&#10;    // Write code here that turns the phrase above into concrete actions&#10;    throw new io.cucumber.java.PendingException();&#10;}&#10;@When(&quot;click on login button&quot;)&#10;public void click_on_login_button() {&#10;    // Write code here that turns the phrase above into concrete actions&#10;    throw new io.cucumber.java.PendingException();&#10;}&#10;@Then(&quot;user should get proper warning message&quot;)&#10;public void user_should_get_proper_warning_message() {&#10;    // Write code here that turns the phrase above into concrete actions&#10;    throw new io.cucumber.java.PendingException();&#10;}&#10;" type="io.cucumber.junit.UndefinedStepException"><![CDATA[io.cucumber.junit.UndefinedStepException: 
The step 'User open the application URL navigate to login Page' and 4 other step(s) are undefined.
You can implement these steps using the snippet(s) below:

@Given("User open the application URL navigate to login Page")
public void user_open_the_application_url_navigate_to_login_page() {
    // Write code here that turns the phrase above into concrete actions
    throw new io.cucumber.java.PendingException();
}
@When("user enters invalid Email Address {string}")
public void user_enters_invalid_email_address(String string) {
    // Write code here that turns the phrase above into concrete actions
    throw new io.cucumber.java.PendingException();
}
@When("user enter the invalid password {string}")
public void user_enter_the_invalid_password(String string) {
    // Write code here that turns the phrase above into concrete actions
    throw new io.cucumber.java.PendingException();
}
@When("click on login button")
public void click_on_login_button() {
    // Write code here that turns the phrase above into concrete actions
    throw new io.cucumber.java.PendingException();
}
@Then("user should get proper warning message")
public void user_should_get_proper_warning_message() {
    // Write code here that turns the phrase above into concrete actions
    throw new io.cucumber.java.PendingException();
}

]]></error>
    <system-out><![CDATA[
@All
Scenario: Login with invalid password address                &amp#27;[90m# src/test/java/features/First.feature:29&amp#27;[0m
  &amp#27;[33mGiven &amp#27;[0m&amp#27;[33mUser open the application URL navigate to login Page&amp#27;[0m
  &amp#27;[36mWhen &amp#27;[0m&amp#27;[36muser enters invalid Email Address "om959@gmail.com"&amp#27;[0m
  &amp#27;[36mAnd &amp#27;[0m&amp#27;[36muser enter the invalid password "test@12"&amp#27;[0m
  &amp#27;[36mAnd &amp#27;[0m&amp#27;[36mclick on login button&amp#27;[0m
  &amp#27;[36mThen &amp#27;[0m&amp#27;[36muser should get proper warning message&amp#27;[0m
]]></system-out>
  </testcase>
  <testcase name="Register with mandatory fields." classname="To test the user register functionality of ninja website" time="0.016">
    <error message="The step &apos;User open the application and navigate to resiter page&apos; and 10 other step(s) are undefined.&#10;You can implement these steps using the snippet(s) below:&#10;&#10;@Given(&quot;User open the application and navigate to resiter page&quot;)&#10;public void user_open_the_application_and_navigate_to_resiter_page() {&#10;    // Write code here that turns the phrase above into concrete actions&#10;    throw new io.cucumber.java.PendingException();&#10;}&#10;@When(&quot;user click on register button&quot;)&#10;public void user_click_on_register_button() {&#10;    // Write code here that turns the phrase above into concrete actions&#10;    throw new io.cucumber.java.PendingException();&#10;}&#10;@When(&quot;enter the first name {string}&quot;)&#10;public void enter_the_first_name(String string) {&#10;    // Write code here that turns the phrase above into concrete actions&#10;    throw new io.cucumber.java.PendingException();&#10;}&#10;@When(&quot;Last name {string}&quot;)&#10;public void last_name(String string) {&#10;    // Write code here that turns the phrase above into concrete actions&#10;    throw new io.cucumber.java.PendingException();&#10;}&#10;@When(&quot;telephone number {string}&quot;)&#10;public void telephone_number(String string) {&#10;    // Write code here that turns the phrase above into concrete actions&#10;    throw new io.cucumber.java.PendingException();&#10;}&#10;@When(&quot;Email address {string}&quot;)&#10;public void email_address(String string) {&#10;    // Write code here that turns the phrase above into concrete actions&#10;    throw new io.cucumber.java.PendingException();&#10;}&#10;@When(&quot;enter the password {string}&quot;)&#10;public void enter_the_password(String string) {&#10;    // Write code here that turns the phrase above into concrete actions&#10;    throw new io.cucumber.java.PendingException();&#10;}&#10;@When(&quot;enter the confirmed password {string}&quot;)&#10;public void enter_the_confirmed_password(String string) {&#10;    // Write code here that turns the phrase above into concrete actions&#10;    throw new io.cucumber.java.PendingException();&#10;}&#10;@When(&quot;click on check box to confirm the above details&quot;)&#10;public void click_on_check_box_to_confirm_the_above_details() {&#10;    // Write code here that turns the phrase above into concrete actions&#10;    throw new io.cucumber.java.PendingException();&#10;}&#10;@When(&quot;click on submit button&quot;)&#10;public void click_on_submit_button() {&#10;    // Write code here that turns the phrase above into concrete actions&#10;    throw new io.cucumber.java.PendingException();&#10;}&#10;@Then(&quot;system should register the member and account created successfully.&quot;)&#10;public void system_should_register_the_member_and_account_created_successfully() {&#10;    // Write code here that turns the phrase above into concrete actions&#10;    throw new io.cucumber.java.PendingException();&#10;}&#10;" type="io.cucumber.junit.UndefinedStepException"><![CDATA[io.cucumber.junit.UndefinedStepException: 
The step 'User open the application and navigate to resiter page' and 10 other step(s) are undefined.
You can implement these steps using the snippet(s) below:

@Given("User open the application and navigate to resiter page")
public void user_open_the_application_and_navigate_to_resiter_page() {
    // Write code here that turns the phrase above into concrete actions
    throw new io.cucumber.java.PendingException();
}
@When("user click on register button")
public void user_click_on_register_button() {
    // Write code here that turns the phrase above into concrete actions
    throw new io.cucumber.java.PendingException();
}
@When("enter the first name {string}")
public void enter_the_first_name(String string) {
    // Write code here that turns the phrase above into concrete actions
    throw new io.cucumber.java.PendingException();
}
@When("Last name {string}")
public void last_name(String string) {
    // Write code here that turns the phrase above into concrete actions
    throw new io.cucumber.java.PendingException();
}
@When("telephone number {string}")
public void telephone_number(String string) {
    // Write code here that turns the phrase above into concrete actions
    throw new io.cucumber.java.PendingException();
}
@When("Email address {string}")
public void email_address(String string) {
    // Write code here that turns the phrase above into concrete actions
    throw new io.cucumber.java.PendingException();
}
@When("enter the password {string}")
public void enter_the_password(String string) {
    // Write code here that turns the phrase above into concrete actions
    throw new io.cucumber.java.PendingException();
}
@When("enter the confirmed password {string}")
public void enter_the_confirmed_password(String string) {
    // Write code here that turns the phrase above into concrete actions
    throw new io.cucumber.java.PendingException();
}
@When("click on check box to confirm the above details")
public void click_on_check_box_to_confirm_the_above_details() {
    // Write code here that turns the phrase above into concrete actions
    throw new io.cucumber.java.PendingException();
}
@When("click on submit button")
public void click_on_submit_button() {
    // Write code here that turns the phrase above into concrete actions
    throw new io.cucumber.java.PendingException();
}
@Then("system should register the member and account created successfully.")
public void system_should_register_the_member_and_account_created_successfully() {
    // Write code here that turns the phrase above into concrete actions
    throw new io.cucumber.java.PendingException();
}

]]></error>
    <system-out><![CDATA[
@All
Scenario: Register with mandatory fields.                                  &amp#27;[90m# src/test/java/features/register.feature:4&amp#27;[0m
  &amp#27;[33mGiven &amp#27;[0m&amp#27;[33mUser open the application and navigate to resiter page&amp#27;[0m
  &amp#27;[36mWhen &amp#27;[0m&amp#27;[36muser click on register button&amp#27;[0m
  &amp#27;[36mAnd &amp#27;[0m&amp#27;[36menter the first name "om"&amp#27;[0m
  &amp#27;[36mAnd &amp#27;[0m&amp#27;[36mLast name "Kangane"&amp#27;[0m
  &amp#27;[36mAnd &amp#27;[0m&amp#27;[36mtelephone number "7845129654"&amp#27;[0m
  &amp#27;[36mAnd &amp#27;[0m&amp#27;[36mEmail address "abc@gmail.com"&amp#27;[0m
  &amp#27;[36mAnd &amp#27;[0m&amp#27;[36menter the password "test@123"&amp#27;[0m
  &amp#27;[36mAnd &amp#27;[0m&amp#27;[36menter the confirmed password "test@123"&amp#27;[0m
  &amp#27;[36mAnd &amp#27;[0m&amp#27;[36mclick on check box to confirm the above details&amp#27;[0m
  &amp#27;[36mAnd &amp#27;[0m&amp#27;[36mclick on submit button&amp#27;[0m
  &amp#27;[36mThen &amp#27;[0m&amp#27;[36msystem should register the member and account created successfully.&amp#27;[0m
]]></system-out>
  </testcase>
  <testcase name="Register with duplicate  email address ." classname="To test the user register functionality of ninja website" time="0.019">
    <error message="The step &apos;User open the application and navigate to resiter page&apos; and 10 other step(s) are undefined.&#10;You can implement these steps using the snippet(s) below:&#10;&#10;@Given(&quot;User open the application and navigate to resiter page&quot;)&#10;public void user_open_the_application_and_navigate_to_resiter_page() {&#10;    // Write code here that turns the phrase above into concrete actions&#10;    throw new io.cucumber.java.PendingException();&#10;}&#10;@When(&quot;user click on register button&quot;)&#10;public void user_click_on_register_button() {&#10;    // Write code here that turns the phrase above into concrete actions&#10;    throw new io.cucumber.java.PendingException();&#10;}&#10;@When(&quot;enter the first name {string}&quot;)&#10;public void enter_the_first_name(String string) {&#10;    // Write code here that turns the phrase above into concrete actions&#10;    throw new io.cucumber.java.PendingException();&#10;}&#10;@When(&quot;Last name {string}&quot;)&#10;public void last_name(String string) {&#10;    // Write code here that turns the phrase above into concrete actions&#10;    throw new io.cucumber.java.PendingException();&#10;}&#10;@When(&quot;telephone number {string}&quot;)&#10;public void telephone_number(String string) {&#10;    // Write code here that turns the phrase above into concrete actions&#10;    throw new io.cucumber.java.PendingException();&#10;}&#10;@When(&quot;Email address {string}&quot;)&#10;public void email_address(String string) {&#10;    // Write code here that turns the phrase above into concrete actions&#10;    throw new io.cucumber.java.PendingException();&#10;}&#10;@When(&quot;enter the password {string}&quot;)&#10;public void enter_the_password(String string) {&#10;    // Write code here that turns the phrase above into concrete actions&#10;    throw new io.cucumber.java.PendingException();&#10;}&#10;@When(&quot;enter the confirmed password {string}&quot;)&#10;public void enter_the_confirmed_password(String string) {&#10;    // Write code here that turns the phrase above into concrete actions&#10;    throw new io.cucumber.java.PendingException();&#10;}&#10;@When(&quot;click on check box to confirm the above details&quot;)&#10;public void click_on_check_box_to_confirm_the_above_details() {&#10;    // Write code here that turns the phrase above into concrete actions&#10;    throw new io.cucumber.java.PendingException();&#10;}&#10;@When(&quot;click on submit button&quot;)&#10;public void click_on_submit_button() {&#10;    // Write code here that turns the phrase above into concrete actions&#10;    throw new io.cucumber.java.PendingException();&#10;}&#10;@Then(&quot;system should display duplicate email address waring message.&quot;)&#10;public void system_should_display_duplicate_email_address_waring_message() {&#10;    // Write code here that turns the phrase above into concrete actions&#10;    throw new io.cucumber.java.PendingException();&#10;}&#10;" type="io.cucumber.junit.UndefinedStepException"><![CDATA[io.cucumber.junit.UndefinedStepException: 
The step 'User open the application and navigate to resiter page' and 10 other step(s) are undefined.
You can implement these steps using the snippet(s) below:

@Given("User open the application and navigate to resiter page")
public void user_open_the_application_and_navigate_to_resiter_page() {
    // Write code here that turns the phrase above into concrete actions
    throw new io.cucumber.java.PendingException();
}
@When("user click on register button")
public void user_click_on_register_button() {
    // Write code here that turns the phrase above into concrete actions
    throw new io.cucumber.java.PendingException();
}
@When("enter the first name {string}")
public void enter_the_first_name(String string) {
    // Write code here that turns the phrase above into concrete actions
    throw new io.cucumber.java.PendingException();
}
@When("Last name {string}")
public void last_name(String string) {
    // Write code here that turns the phrase above into concrete actions
    throw new io.cucumber.java.PendingException();
}
@When("telephone number {string}")
public void telephone_number(String string) {
    // Write code here that turns the phrase above into concrete actions
    throw new io.cucumber.java.PendingException();
}
@When("Email address {string}")
public void email_address(String string) {
    // Write code here that turns the phrase above into concrete actions
    throw new io.cucumber.java.PendingException();
}
@When("enter the password {string}")
public void enter_the_password(String string) {
    // Write code here that turns the phrase above into concrete actions
    throw new io.cucumber.java.PendingException();
}
@When("enter the confirmed password {string}")
public void enter_the_confirmed_password(String string) {
    // Write code here that turns the phrase above into concrete actions
    throw new io.cucumber.java.PendingException();
}
@When("click on check box to confirm the above details")
public void click_on_check_box_to_confirm_the_above_details() {
    // Write code here that turns the phrase above into concrete actions
    throw new io.cucumber.java.PendingException();
}
@When("click on submit button")
public void click_on_submit_button() {
    // Write code here that turns the phrase above into concrete actions
    throw new io.cucumber.java.PendingException();
}
@Then("system should display duplicate email address waring message.")
public void system_should_display_duplicate_email_address_waring_message() {
    // Write code here that turns the phrase above into concrete actions
    throw new io.cucumber.java.PendingException();
}

]]></error>
    <system-out><![CDATA[
@All @Sanity
Scenario: Register with duplicate  email address .                   &amp#27;[90m# src/test/java/features/register.feature:18&amp#27;[0m
  &amp#27;[33mGiven &amp#27;[0m&amp#27;[33mUser open the application and navigate to resiter page&amp#27;[0m
  &amp#27;[36mWhen &amp#27;[0m&amp#27;[36muser click on register button&amp#27;[0m
  &amp#27;[36mAnd &amp#27;[0m&amp#27;[36menter the first name "om"&amp#27;[0m
  &amp#27;[36mAnd &amp#27;[0m&amp#27;[36mLast name "Kangane"&amp#27;[0m
  &amp#27;[36mAnd &amp#27;[0m&amp#27;[36mtelephone number "7845129654"&amp#27;[0m
  &amp#27;[36mAnd &amp#27;[0m&amp#27;[36mEmail address "abc@gmail.test"&amp#27;[0m
  &amp#27;[36mAnd &amp#27;[0m&amp#27;[36menter the password "test@123"&amp#27;[0m
  &amp#27;[36mAnd &amp#27;[0m&amp#27;[36menter the confirmed password "test@123"&amp#27;[0m
  &amp#27;[36mAnd &amp#27;[0m&amp#27;[36mclick on check box to confirm the above details&amp#27;[0m
  &amp#27;[36mAnd &amp#27;[0m&amp#27;[36mclick on submit button&amp#27;[0m
  &amp#27;[36mThen &amp#27;[0m&amp#27;[36msystem should display duplicate email address waring message.&amp#27;[0m
]]></system-out>
  </testcase>
  <testcase name="Register with all fields." classname="To test the user register functionality of ninja website" time="0.02">
    <error message="The step &apos;User open the application and navigate to resiter page&apos; and 11 other step(s) are undefined.&#10;You can implement these steps using the snippet(s) below:&#10;&#10;@Given(&quot;User open the application and navigate to resiter page&quot;)&#10;public void user_open_the_application_and_navigate_to_resiter_page() {&#10;    // Write code here that turns the phrase above into concrete actions&#10;    throw new io.cucumber.java.PendingException();&#10;}&#10;@When(&quot;user click on register button&quot;)&#10;public void user_click_on_register_button() {&#10;    // Write code here that turns the phrase above into concrete actions&#10;    throw new io.cucumber.java.PendingException();&#10;}&#10;@When(&quot;enter the first name {string}&quot;)&#10;public void enter_the_first_name(String string) {&#10;    // Write code here that turns the phrase above into concrete actions&#10;    throw new io.cucumber.java.PendingException();&#10;}&#10;@When(&quot;Last name {string}&quot;)&#10;public void last_name(String string) {&#10;    // Write code here that turns the phrase above into concrete actions&#10;    throw new io.cucumber.java.PendingException();&#10;}&#10;@When(&quot;telephone number {string}&quot;)&#10;public void telephone_number(String string) {&#10;    // Write code here that turns the phrase above into concrete actions&#10;    throw new io.cucumber.java.PendingException();&#10;}&#10;@When(&quot;Email address {string}&quot;)&#10;public void email_address(String string) {&#10;    // Write code here that turns the phrase above into concrete actions&#10;    throw new io.cucumber.java.PendingException();&#10;}&#10;@When(&quot;enter the password {string}&quot;)&#10;public void enter_the_password(String string) {&#10;    // Write code here that turns the phrase above into concrete actions&#10;    throw new io.cucumber.java.PendingException();&#10;}&#10;@When(&quot;enter the confirmed password {string}&quot;)&#10;public void enter_the_confirmed_password(String string) {&#10;    // Write code here that turns the phrase above into concrete actions&#10;    throw new io.cucumber.java.PendingException();&#10;}&#10;@When(&quot;user click on Yes in newsletter&quot;)&#10;public void user_click_on_yes_in_newsletter() {&#10;    // Write code here that turns the phrase above into concrete actions&#10;    throw new io.cucumber.java.PendingException();&#10;}&#10;@When(&quot;click on check box to confirm the above details&quot;)&#10;public void click_on_check_box_to_confirm_the_above_details() {&#10;    // Write code here that turns the phrase above into concrete actions&#10;    throw new io.cucumber.java.PendingException();&#10;}&#10;@When(&quot;click on submit button&quot;)&#10;public void click_on_submit_button() {&#10;    // Write code here that turns the phrase above into concrete actions&#10;    throw new io.cucumber.java.PendingException();&#10;}&#10;@Then(&quot;system should register the member.&quot;)&#10;public void system_should_register_the_member() {&#10;    // Write code here that turns the phrase above into concrete actions&#10;    throw new io.cucumber.java.PendingException();&#10;}&#10;" type="io.cucumber.junit.UndefinedStepException"><![CDATA[io.cucumber.junit.UndefinedStepException: 
The step 'User open the application and navigate to resiter page' and 11 other step(s) are undefined.
You can implement these steps using the snippet(s) below:

@Given("User open the application and navigate to resiter page")
public void user_open_the_application_and_navigate_to_resiter_page() {
    // Write code here that turns the phrase above into concrete actions
    throw new io.cucumber.java.PendingException();
}
@When("user click on register button")
public void user_click_on_register_button() {
    // Write code here that turns the phrase above into concrete actions
    throw new io.cucumber.java.PendingException();
}
@When("enter the first name {string}")
public void enter_the_first_name(String string) {
    // Write code here that turns the phrase above into concrete actions
    throw new io.cucumber.java.PendingException();
}
@When("Last name {string}")
public void last_name(String string) {
    // Write code here that turns the phrase above into concrete actions
    throw new io.cucumber.java.PendingException();
}
@When("telephone number {string}")
public void telephone_number(String string) {
    // Write code here that turns the phrase above into concrete actions
    throw new io.cucumber.java.PendingException();
}
@When("Email address {string}")
public void email_address(String string) {
    // Write code here that turns the phrase above into concrete actions
    throw new io.cucumber.java.PendingException();
}
@When("enter the password {string}")
public void enter_the_password(String string) {
    // Write code here that turns the phrase above into concrete actions
    throw new io.cucumber.java.PendingException();
}
@When("enter the confirmed password {string}")
public void enter_the_confirmed_password(String string) {
    // Write code here that turns the phrase above into concrete actions
    throw new io.cucumber.java.PendingException();
}
@When("user click on Yes in newsletter")
public void user_click_on_yes_in_newsletter() {
    // Write code here that turns the phrase above into concrete actions
    throw new io.cucumber.java.PendingException();
}
@When("click on check box to confirm the above details")
public void click_on_check_box_to_confirm_the_above_details() {
    // Write code here that turns the phrase above into concrete actions
    throw new io.cucumber.java.PendingException();
}
@When("click on submit button")
public void click_on_submit_button() {
    // Write code here that turns the phrase above into concrete actions
    throw new io.cucumber.java.PendingException();
}
@Then("system should register the member.")
public void system_should_register_the_member() {
    // Write code here that turns the phrase above into concrete actions
    throw new io.cucumber.java.PendingException();
}

]]></error>
    <system-out><![CDATA[
@All
Scenario: Register with all fields.                            &amp#27;[90m# src/test/java/features/register.feature:32&amp#27;[0m
  &amp#27;[33mGiven &amp#27;[0m&amp#27;[33mUser open the application and navigate to resiter page&amp#27;[0m
  &amp#27;[36mWhen &amp#27;[0m&amp#27;[36muser click on register button&amp#27;[0m
  &amp#27;[36mAnd &amp#27;[0m&amp#27;[36menter the first name "om"&amp#27;[0m
  &amp#27;[36mAnd &amp#27;[0m&amp#27;[36mLast name "Kangane"&amp#27;[0m
  &amp#27;[36mAnd &amp#27;[0m&amp#27;[36mtelephone number "7845129654"&amp#27;[0m
  &amp#27;[36mAnd &amp#27;[0m&amp#27;[36mEmail address "abc@gmail.com"&amp#27;[0m
  &amp#27;[36mAnd &amp#27;[0m&amp#27;[36menter the password "test@123"&amp#27;[0m
  &amp#27;[36mAnd &amp#27;[0m&amp#27;[36menter the confirmed password "test@123"&amp#27;[0m
  &amp#27;[36mAnd &amp#27;[0m&amp#27;[36muser click on Yes in newsletter&amp#27;[0m
  &amp#27;[36mAnd &amp#27;[0m&amp#27;[36mclick on check box to confirm the above details&amp#27;[0m
  &amp#27;[36mAnd &amp#27;[0m&amp#27;[36mclick on submit button&amp#27;[0m
  &amp#27;[36mThen &amp#27;[0m&amp#27;[36msystem should register the member.&amp#27;[0m
]]></system-out>
  </testcase>
  <testcase name="Register without providing any fields." classname="To test the user register functionality of ninja website" time="0.006">
    <error message="The step &apos;User open the application and navigate to resiter page&apos; and 3 other step(s) are undefined.&#10;You can implement these steps using the snippet(s) below:&#10;&#10;@Given(&quot;User open the application and navigate to resiter page&quot;)&#10;public void user_open_the_application_and_navigate_to_resiter_page() {&#10;    // Write code here that turns the phrase above into concrete actions&#10;    throw new io.cucumber.java.PendingException();&#10;}&#10;@When(&quot;user don&apos;t enter any deatils in any field&quot;)&#10;public void user_don_t_enter_any_deatils_in_any_field() {&#10;    // Write code here that turns the phrase above into concrete actions&#10;    throw new io.cucumber.java.PendingException();&#10;}&#10;@When(&quot;click on submit button&quot;)&#10;public void click_on_submit_button() {&#10;    // Write code here that turns the phrase above into concrete actions&#10;    throw new io.cucumber.java.PendingException();&#10;}&#10;@Then(&quot;warning message should be displayed.&quot;)&#10;public void warning_message_should_be_displayed() {&#10;    // Write code here that turns the phrase above into concrete actions&#10;    throw new io.cucumber.java.PendingException();&#10;}&#10;" type="io.cucumber.junit.UndefinedStepException"><![CDATA[io.cucumber.junit.UndefinedStepException: 
The step 'User open the application and navigate to resiter page' and 3 other step(s) are undefined.
You can implement these steps using the snippet(s) below:

@Given("User open the application and navigate to resiter page")
public void user_open_the_application_and_navigate_to_resiter_page() {
    // Write code here that turns the phrase above into concrete actions
    throw new io.cucumber.java.PendingException();
}
@When("user don't enter any deatils in any field")
public void user_don_t_enter_any_deatils_in_any_field() {
    // Write code here that turns the phrase above into concrete actions
    throw new io.cucumber.java.PendingException();
}
@When("click on submit button")
public void click_on_submit_button() {
    // Write code here that turns the phrase above into concrete actions
    throw new io.cucumber.java.PendingException();
}
@Then("warning message should be displayed.")
public void warning_message_should_be_displayed() {
    // Write code here that turns the phrase above into concrete actions
    throw new io.cucumber.java.PendingException();
}

]]></error>
    <system-out><![CDATA[
@All
Scenario: Register without providing any fields.               &amp#27;[90m# src/test/java/features/register.feature:47&amp#27;[0m
  &amp#27;[33mGiven &amp#27;[0m&amp#27;[33mUser open the application and navigate to resiter page&amp#27;[0m
  &amp#27;[36mWhen &amp#27;[0m&amp#27;[36muser don't enter any deatils in any field&amp#27;[0m
  &amp#27;[36mAnd &amp#27;[0m&amp#27;[36mclick on submit button&amp#27;[0m
  &amp#27;[36mThen &amp#27;[0m&amp#27;[36mwarning message should be displayed.&amp#27;[0m
]]></system-out>
  </testcase>
</testsuite>